{"total": {"lines":{"total":326,"covered":284,"skipped":0,"pct":87.11},"statements":{"total":328,"covered":286,"skipped":0,"pct":87.19},"functions":{"total":72,"covered":70,"skipped":0,"pct":97.22},"branches":{"total":253,"covered":206,"skipped":0,"pct":81.42},"branchesTrue":{"total":0,"covered":0,"skipped":0,"pct":"Unknown"}}
,"/Users/cfinkelstein/workspace/pane/code/web/bpane-admin-auth/src/auth-config.ts": {"lines":{"total":35,"covered":35,"skipped":0,"pct":100},"functions":{"total":8,"covered":8,"skipped":0,"pct":100},"statements":{"total":35,"covered":35,"skipped":0,"pct":100},"branches":{"total":42,"covered":40,"skipped":0,"pct":95.23}}
,"/Users/cfinkelstein/workspace/pane/code/web/bpane-admin-auth/src/browser-token-store.ts": {"lines":{"total":33,"covered":33,"skipped":0,"pct":100},"functions":{"total":10,"covered":10,"skipped":0,"pct":100},"statements":{"total":33,"covered":33,"skipped":0,"pct":100},"branches":{"total":28,"covered":27,"skipped":0,"pct":96.42}}
,"/Users/cfinkelstein/workspace/pane/code/web/bpane-admin-auth/src/jwks-wire-mapper.ts": {"lines":{"total":36,"covered":35,"skipped":0,"pct":97.22},"functions":{"total":9,"covered":9,"skipped":0,"pct":100},"statements":{"total":38,"covered":37,"skipped":0,"pct":97.36},"branches":{"total":36,"covered":35,"skipped":0,"pct":97.22}}
,"/Users/cfinkelstein/workspace/pane/code/web/bpane-admin-auth/src/oidc-auth-client-factory.ts": {"lines":{"total":7,"covered":7,"skipped":0,"pct":100},"functions":{"total":1,"covered":1,"skipped":0,"pct":100},"statements":{"total":7,"covered":7,"skipped":0,"pct":100},"branches":{"total":6,"covered":3,"skipped":0,"pct":50}}
,"/Users/cfinkelstein/workspace/pane/code/web/bpane-admin-auth/src/oidc-auth-client.ts": {"lines":{"total":87,"covered":65,"skipped":0,"pct":74.71},"functions":{"total":12,"covered":11,"skipped":0,"pct":91.66},"statements":{"total":87,"covered":65,"skipped":0,"pct":74.71},"branches":{"total":43,"covered":26,"skipped":0,"pct":60.46}}
,"/Users/cfinkelstein/workspace/pane/code/web/bpane-admin-auth/src/oidc-endpoint-client.ts": {"lines":{"total":40,"covered":28,"skipped":0,"pct":70},"functions":{"total":11,"covered":10,"skipped":0,"pct":90.9},"statements":{"total":40,"covered":28,"skipped":0,"pct":70},"branches":{"total":18,"covered":10,"skipped":0,"pct":55.55}}
,"/Users/cfinkelstein/workspace/pane/code/web/bpane-admin-auth/src/oidc-id-token-verifier.ts": {"lines":{"total":38,"covered":34,"skipped":0,"pct":89.47},"functions":{"total":8,"covered":8,"skipped":0,"pct":100},"statements":{"total":38,"covered":34,"skipped":0,"pct":89.47},"branches":{"total":32,"covered":28,"skipped":0,"pct":87.5}}
,"/Users/cfinkelstein/workspace/pane/code/web/bpane-admin-auth/src/oidc-login-transaction.ts": {"lines":{"total":17,"covered":17,"skipped":0,"pct":100},"functions":{"total":3,"covered":3,"skipped":0,"pct":100},"statements":{"total":17,"covered":17,"skipped":0,"pct":100},"branches":{"total":8,"covered":8,"skipped":0,"pct":100}}
,"/Users/cfinkelstein/workspace/pane/code/web/bpane-admin-auth/src/oidc-types.ts": {"lines":{"total":0,"covered":0,"skipped":0,"pct":100},"functions":{"total":0,"covered":0,"skipped":0,"pct":100},"statements":{"total":0,"covered":0,"skipped":0,"pct":100},"branches":{"total":0,"covered":0,"skipped":0,"pct":100}}
,"/Users/cfinkelstein/workspace/pane/code/web/bpane-admin-auth/src/oidc-wire-mapper.ts": {"lines":{"total":17,"covered":15,"skipped":0,"pct":88.23},"functions":{"total":6,"covered":6,"skipped":0,"pct":100},"statements":{"total":17,"covered":15,"skipped":0,"pct":88.23},"branches":{"total":35,"covered":25,"skipped":0,"pct":71.42}}
,"/Users/cfinkelstein/workspace/pane/code/web/bpane-admin-auth/src/pkce-codec.ts": {"lines":{"total":16,"covered":15,"skipped":0,"pct":93.75},"functions":{"total":4,"covered":4,"skipped":0,"pct":100},"statements":{"total":16,"covered":15,"skipped":0,"pct":93.75},"branches":{"total":5,"covered":4,"skipped":0,"pct":80}}
}
